#
# There is insufficient memory for the Java Runtime Environment to continue.
# Native memory allocation (mmap) failed to map 264241152 bytes. Error detail: G1 virtual space
# Possible reasons:
#   The system is out of physical RAM or swap space
#   This process is running with CompressedOops enabled, and the Java Heap may be blocking the growth of the native heap
# Possible solutions:
#   Reduce memory load on the system
#   Increase physical memory or swap space
#   Check if swap backing store is full
#   Decrease Java heap size (-Xmx/-Xms)
#   Decrease number of Java threads
#   Decrease Java thread stack sizes (-Xss)
#   Set larger code cache with -XX:ReservedCodeCacheSize=
#   JVM is running with Zero Based Compressed Oops mode in which the Java heap is
#     placed in the first 32GB address space. The Java Heap base address is the
#     maximum limit for the native heap growth. Please use -XX:HeapBaseMinAddress
#     to set the Java Heap base and to place the Java Heap above 32GB virtual address.
# This output file may be truncated or incomplete.
#
#  Out of Memory Error (os_windows.cpp:3631), pid=27448, tid=11112
#
# JRE version:  (22.0.2+9) (build )
# Java VM: Java HotSpot(TM) 64-Bit Server VM (22.0.2+9-70, mixed mode, sharing, tiered, compressed oops, compressed class ptrs, g1 gc, windows-amd64)
# No core dump will be written. Minidumps are not enabled by default on client versions of Windows
#

---------------  S U M M A R Y ------------

Command Line: --module-path=C:\Users\jbili\.m2\repository\org\openjfx\javafx-base\17\javafx-base-17-win.jar;C:\Users\jbili\.m2\repository\org\openjfx\javafx-base\17\javafx-base-17.jar;C:\Users\jbili\.m2\repository\org\openjfx\javafx-controls\17\javafx-controls-17-win.jar;C:\Users\jbili\.m2\repository\org\openjfx\javafx-controls\17\javafx-controls-17.jar;C:\Users\jbili\.m2\repository\org\openjfx\javafx-fxml\17\javafx-fxml-17-win.jar;C:\Users\jbili\.m2\repository\org\openjfx\javafx-fxml\17\javafx-fxml-17.jar;C:\Users\jbili\.m2\repository\org\openjfx\javafx-graphics\17\javafx-graphics-17-win.jar;C:\Users\jbili\.m2\repository\org\openjfx\javafx-graphics\17\javafx-graphics-17.jar --add-modules=javafx.base,javafx.base,javafx.controls,javafx.controls,javafx.fxml,javafx.fxml,javafx.graphics,javafx.graphics controllers.Home

Host: 12th Gen Intel(R) Core(TM) i5-12500H, 16 cores, 15G,  Windows 11 , 64 bit Build 26100 (10.0.26100.3775)
Time: Tue Apr 22 10:24:00 2025 Afr. centrale Ouest elapsed time: 1.272790 seconds (0d 0h 0m 1s)

---------------  T H R E A D  ---------------

Current thread (0x0000028b87379770):  JavaThread "Unknown thread" [_thread_in_vm, id=11112, stack(0x0000009f6af00000,0x0000009f6b000000) (1024K)]

Stack: [0x0000009f6af00000,0x0000009f6b000000]
Native frames: (J=compiled Java code, j=interpreted, Vv=VM code, C=native code)
V  [jvm.dll+0x6e26e9]  (no source info available)
V  [jvm.dll+0x875753]  (no source info available)
V  [jvm.dll+0x877b7e]  (no source info available)
V  [jvm.dll+0x878253]  (no source info available)
V  [jvm.dll+0x27fc86]  (no source info available)
V  [jvm.dll+0x6ded85]  (no source info available)
V  [jvm.dll+0x6d388a]  (no source info available)
V  [jvm.dll+0x358b8a]  (no source info available)
V  [jvm.dll+0x3610b6]  (no source info available)
V  [jvm.dll+0x3b419e]  (no source info available)
V  [jvm.dll+0x3b4448]  (no source info available)
V  [jvm.dll+0x32c5ec]  (no source info available)
V  [jvm.dll+0x32d258]  (no source info available)
V  [jvm.dll+0x83d5ac]  (no source info available)
V  [jvm.dll+0x3c10d1]  (no source info available)
V  [jvm.dll+0x8264cc]  (no source info available)
V  [jvm.dll+0x45bd5e]  (no source info available)
V  [jvm.dll+0x45dbe1]  (no source info available)
C  [jli.dll+0x52a3]  (no source info available)
C  [ucrtbase.dll+0x37b0]  (no source info available)
C  [KERNEL32.DLL+0x2e8d7]  (no source info available)
C  [ntdll.dll+0xb14fc]  (no source info available)


---------------  P R O C E S S  ---------------

Threads class SMR info:
_java_thread_list=0x00007fffea3bc1c8, length=0, elements={
}

Java Threads: ( => current thread )
Total: 0

Other Threads:
  0x0000028b88ea4830 WorkerThread "GC Thread#0"                     [id=31008, stack(0x0000009f6b000000,0x0000009f6b100000) (1024K)]
  0x0000028b88eb6290 ConcurrentGCThread "G1 Main Marker"            [id=18244, stack(0x0000009f6b100000,0x0000009f6b200000) (1024K)]
  0x0000028b88eb6da0 WorkerThread "G1 Conc#0"                       [id=20876, stack(0x0000009f6b200000,0x0000009f6b300000) (1024K)]

[error occurred during error reporting (printing all threads), id 0xc0000005, EXCEPTION_ACCESS_VIOLATION (0xc0000005) at pc=0x00007fffe9b0f517]
VM state: not at safepoint (not fully initialized)

VM Mutex/Monitor currently owned by a thread:  ([mutex/lock_event])
[0x00007fffea43cc80] Heap_lock - owner thread: 0x0000028b87379770

Heap address: 0x0000000704a00000, size: 4022 MB, Compressed Oops mode: Zero based, Oop shift amount: 3

CDS archive(s) mapped at: [0x0000000000000000-0x0000000000000000-0x0000000000000000), size 0, SharedBaseAddress: 0x0000000800000000, ArchiveRelocationMode: 1.
Narrow klass base: 0x0000000000000000, Narrow klass shift: 0, Narrow klass range: 0x0

GC Precious Log:
 CardTable entry size: 512
 Card Set container configuration: InlinePtr #cards 4 size 8 Array Of Cards #cards 16 size 48 Howl #buckets 8 coarsen threshold 3686 Howl Bitmap #cards 512 size 80 coarsen threshold 460 Card regions per heap region 1 cards per card region 4096

Heap:
 garbage-first heap   total reserved 4118528K, committed 0K, used 0K [0x0000000704a00000, 0x0000000800000000)
  region size 2048K, 0 young (0K), 0 survivors (0K)

[error occurred during error reporting (printing heap information), id 0xc0000005, EXCEPTION_ACCESS_VIOLATION (0xc0000005) at pc=0x00007fffe9f0e869]
GC Heap History (0 events):
No events

Dll operation events (1 events):
Event: 0.005 Loaded shared library C:\Program Files\Java\jdk-22\bin\java.dll

Deoptimization events (0 events):
No events

Classes loaded (0 events):
No events

Classes unloaded (0 events):
No events

Classes redefined (0 events):
No events

Internal exceptions (0 events):
No events

ZGC Phase Switch (0 events):
No events

VM Operations (0 events):
No events

Memory protections (0 events):
No events

Nmethod flushes (0 events):
No events

Events (0 events):
No events


Dynamic libraries:
0x00007ff7c31d0000 - 0x00007ff7c31e0000 	C:\Program Files\Java\jdk-22\bin\java.exe
0x00007ff84ed00000 - 0x00007ff84ef60000 	C:\WINDOWS\SYSTEM32\ntdll.dll
0x00007ff84d760000 - 0x00007ff84d827000 	C:\WINDOWS\System32\KERNEL32.DLL
0x00007ff84c030000 - 0x00007ff84c3fa000 	C:\WINDOWS\System32\KERNELBASE.dll
0x00007ff84bee0000 - 0x00007ff84c02b000 	C:\WINDOWS\System32\ucrtbase.dll
0x00007ff846840000 - 0x00007ff84685b000 	C:\Program Files\Java\jdk-22\bin\VCRUNTIME140.dll
0x00007ff8468f0000 - 0x00007ff846907000 	C:\Program Files\Java\jdk-22\bin\jli.dll
0x00007ff84e6d0000 - 0x00007ff84e89c000 	C:\WINDOWS\System32\USER32.dll
0x00007ff82fdb0000 - 0x00007ff830047000 	C:\WINDOWS\WinSxS\amd64_microsoft.windows.common-controls_6595b64144ccf1df_6.0.26100.3624_none_3e086962e3345f24\COMCTL32.dll
0x00007ff84c570000 - 0x00007ff84c597000 	C:\WINDOWS\System32\win32u.dll
0x00007ff84d570000 - 0x00007ff84d59a000 	C:\WINDOWS\System32\GDI32.dll
0x00007ff84d8b0000 - 0x00007ff84d959000 	C:\WINDOWS\System32\msvcrt.dll
0x00007ff84c910000 - 0x00007ff84ca41000 	C:\WINDOWS\System32\gdi32full.dll
0x00007ff84ca50000 - 0x00007ff84caf3000 	C:\WINDOWS\System32\msvcp_win.dll
0x00007ff84d530000 - 0x00007ff84d55f000 	C:\WINDOWS\System32\IMM32.DLL
0x00007ff8468e0000 - 0x00007ff8468ec000 	C:\Program Files\Java\jdk-22\bin\vcruntime140_1.dll
0x00007ff817490000 - 0x00007ff81751e000 	C:\Program Files\Java\jdk-22\bin\msvcp140.dll
0x00007fffe97d0000 - 0x00007fffea519000 	C:\Program Files\Java\jdk-22\bin\server\jvm.dll
0x00007ff84cc10000 - 0x00007ff84ccc2000 	C:\WINDOWS\System32\ADVAPI32.dll
0x00007ff84d470000 - 0x00007ff84d516000 	C:\WINDOWS\System32\sechost.dll
0x00007ff84d640000 - 0x00007ff84d756000 	C:\WINDOWS\System32\RPCRT4.dll
0x00007ff84cb90000 - 0x00007ff84cc04000 	C:\WINDOWS\System32\WS2_32.dll
0x00007ff83fff0000 - 0x00007ff83fffb000 	C:\WINDOWS\SYSTEM32\VERSION.dll
0x00007ff84ab50000 - 0x00007ff84abae000 	C:\WINDOWS\SYSTEM32\POWRPROF.dll
0x00007ff8388f0000 - 0x00007ff838926000 	C:\WINDOWS\SYSTEM32\WINMM.dll
0x00007ff84ab30000 - 0x00007ff84ab44000 	C:\WINDOWS\SYSTEM32\UMPDC.dll
0x00007ff84ae10000 - 0x00007ff84ae2a000 	C:\WINDOWS\SYSTEM32\kernel.appcore.dll
0x00007ff844850000 - 0x00007ff84485a000 	C:\Program Files\Java\jdk-22\bin\jimage.dll
0x00007ff8493c0000 - 0x00007ff849601000 	C:\WINDOWS\SYSTEM32\DBGHELP.DLL
0x00007ff84e8a0000 - 0x00007ff84ec22000 	C:\WINDOWS\System32\combase.dll
0x00007ff84cea0000 - 0x00007ff84cf76000 	C:\WINDOWS\System32\OLEAUT32.dll
0x00007fffcc230000 - 0x00007fffcc269000 	C:\WINDOWS\SYSTEM32\dbgcore.DLL
0x00007ff84c870000 - 0x00007ff84c909000 	C:\WINDOWS\System32\bcryptPrimitives.dll
0x00007ff835900000 - 0x00007ff83591e000 	C:\Program Files\Java\jdk-22\bin\java.dll
0x00007ff84dfa0000 - 0x00007ff84e6c9000 	C:\WINDOWS\System32\SHELL32.dll
0x00007ff84c400000 - 0x00007ff84c568000 	C:\WINDOWS\System32\wintypes.dll
0x00007ff84db60000 - 0x00007ff84dcf6000 	C:\WINDOWS\System32\ole32.dll

dbghelp: loaded successfully - version: 4.0.5 - missing functions: none
symbol engine: initialized successfully - sym options: 0x614 - pdb path: .;C:\Program Files\Java\jdk-22\bin;C:\WINDOWS\SYSTEM32;C:\WINDOWS\WinSxS\amd64_microsoft.windows.common-controls_6595b64144ccf1df_6.0.26100.3624_none_3e086962e3345f24;C:\Program Files\Java\jdk-22\bin\server

VM Arguments:
jvm_args: --module-path=C:\Users\jbili\.m2\repository\org\openjfx\javafx-base\17\javafx-base-17-win.jar;C:\Users\jbili\.m2\repository\org\openjfx\javafx-base\17\javafx-base-17.jar;C:\Users\jbili\.m2\repository\org\openjfx\javafx-controls\17\javafx-controls-17-win.jar;C:\Users\jbili\.m2\repository\org\openjfx\javafx-controls\17\javafx-controls-17.jar;C:\Users\jbili\.m2\repository\org\openjfx\javafx-fxml\17\javafx-fxml-17-win.jar;C:\Users\jbili\.m2\repository\org\openjfx\javafx-fxml\17\javafx-fxml-17.jar;C:\Users\jbili\.m2\repository\org\openjfx\javafx-graphics\17\javafx-graphics-17-win.jar;C:\Users\jbili\.m2\repository\org\openjfx\javafx-graphics\17\javafx-graphics-17.jar --add-modules=javafx.base,javafx.base,javafx.controls,javafx.controls,javafx.fxml,javafx.fxml,javafx.graphics,javafx.graphics 
java_command: controllers.Home
java_class_path (initial): C:\Users\jbili\Downloads\NutrinetJava-Front-Back\DidouJava\NutrinetJava\target\classes;C:\Users\jbili\.m2\repository\com\google\protobuf\protobuf-java\3.21.9\protobuf-java-3.21.9.jar;C:\Users\jbili\.m2\repository\com\mysql\mysql-connector-j\8.0.33\mysql-connector-j-8.0.33.jar
Launcher Type: SUN_STANDARD

[Global flags]
     intx CICompilerCount                          = 12                                        {product} {ergonomic}
     uint ConcGCThreads                            = 3                                         {product} {ergonomic}
     uint G1ConcRefinementThreads                  = 13                                        {product} {ergonomic}
   size_t G1HeapRegionSize                         = 2097152                                   {product} {ergonomic}
   size_t InitialHeapSize                          = 264241152                                 {product} {ergonomic}
   size_t MarkStackSize                            = 4194304                                   {product} {ergonomic}
   size_t MaxHeapSize                              = 4217372672                                {product} {ergonomic}
   size_t MinHeapDeltaBytes                        = 2097152                                   {product} {ergonomic}
   size_t MinHeapSize                              = 8388608                                   {product} {ergonomic}
    uintx NonNMethodCodeHeapSize                   = 7602480                                {pd product} {ergonomic}
    uintx NonProfiledCodeHeapSize                  = 122027880                              {pd product} {ergonomic}
    uintx ProfiledCodeHeapSize                     = 122027880                              {pd product} {ergonomic}
    uintx ReservedCodeCacheSize                    = 251658240                              {pd product} {ergonomic}
     bool SegmentedCodeCache                       = true                                      {product} {ergonomic}
   size_t SoftMaxHeapSize                          = 4217372672                             {manageable} {ergonomic}
     bool UseCompressedOops                        = true                           {product lp64_product} {ergonomic}
     bool UseG1GC                                  = true                                      {product} {ergonomic}
     bool UseLargePagesIndividualAllocation        = false                                  {pd product} {ergonomic}

Logging:
Log output configuration:
 #0: stdout all=warning uptime,level,tags foldmultilines=false
 #1: stderr all=off uptime,level,tags foldmultilines=false

Environment Variables:
JAVA_HOME=C:\Program Files\Java\jdk-13.0.2
PATH=C:\Program Files\MySQL\MySQL Workbench 8.0;C:\Python313\;C:\Program Files (x86)\VMware\VMware Workstation\bin\;C:\Program Files\Common Files\Oracle\Java\javapath;C:\oraclexe\app\oracle\product\11.2.0\server\bin;C:\Program Files (x86)\Common Files\Intel\Shared Libraries\redist\intel64\compiler;C:\Windows\system32;C:\Windows;C:\Windows\System32\Wbem;C:\Windows\System32\WindowsPowerShell\v1.0\;C:\Windows\System32\OpenSSH\;C:\Program Files (x86)\NVIDIA Corporation\PhysX\Common;C:\Program Files\NVIDIA Corporation\NVIDIA NvDLISR;C:\WINDOWS\system32;C:\WINDOWS;C:\WINDOWS\System32\Wbem;C:\WINDOWS\System32\WindowsPowerShell\v1.0\;C:\WINDOWS\System32\OpenSSH\;C:\Program Files\dotnet\;C:\oraclexe;C:\oraclexe\app\oracle\admin\XE;C:\instantclient12_2;C:\Users\jbili\OneDrive\Bureau\sqldeveloper\jdk\jre\lib\javaws.jar;C:\xampp\php;C:\composer;C:\Program Files\Java\jdk-22\bin;C:\Users\jbili\.jdks\jbr-17.0.12;C:\Program Files\GitHub CLI\;C:\ProgramData\chocolatey\bin;C:\Program Files\nodejs\;C:\Users\jbili\scoop\shims;C:\Users\jbili\AppData\Local\Programs\Python\Launcher\;C:\Users\jbili\AppData\Local\Microsoft\WindowsApps;C:\Users\jbili\AppData\Local\Programs\Microsoft VS Code\bin;C:\Program Files\JetBrains\PyCharm 2024.1.4\bin;;C:\Users\jbili\AppData\Roaming\Composer\vendor\bin;C:\Users\jbili\AppData\Roaming\npm;C:\Users\jbili\Downloads\cursor\resources\app\bin
USERNAME=jbili
OS=Windows_NT
PROCESSOR_IDENTIFIER=Intel64 Family 6 Model 154 Stepping 3, GenuineIntel
TMP=C:\Users\jbili\AppData\Local\Temp
TEMP=C:\Users\jbili\AppData\Local\Temp




Periodic native trim disabled

---------------  S Y S T E M  ---------------

OS:
 Windows 11 , 64 bit Build 26100 (10.0.26100.3775)
OS uptime: 6 days 22:37 hours
Hyper-V role detected

CPU: total 16 (initial active 16) (8 cores per cpu, 2 threads per core) family 6 model 154 stepping 3 microcode 0x413, cx8, cmov, fxsr, ht, mmx, 3dnowpref, sse, sse2, sse3, ssse3, sse4.1, sse4.2, popcnt, lzcnt, tsc, tscinvbit, avx, avx2, aes, erms, clmul, bmi1, bmi2, adx, sha, fma, vzeroupper, clflush, clflushopt, clwb, hv, serialize, rdtscp, rdpid, fsrm, f16c, cet_ibt, cet_ss
Processor Information for processor 0
  Max Mhz: 3100, Current Mhz: 3100, Mhz Limit: 3100
Processor Information for processor 1
  Max Mhz: 3100, Current Mhz: 3100, Mhz Limit: 3100
Processor Information for processor 2
  Max Mhz: 3100, Current Mhz: 3100, Mhz Limit: 3100
Processor Information for processor 3
  Max Mhz: 3100, Current Mhz: 3100, Mhz Limit: 3100
Processor Information for processor 4
  Max Mhz: 3100, Current Mhz: 3100, Mhz Limit: 3100
Processor Information for processor 5
  Max Mhz: 3100, Current Mhz: 3100, Mhz Limit: 3100
Processor Information for processor 6
  Max Mhz: 3100, Current Mhz: 3100, Mhz Limit: 3100
Processor Information for processor 7
  Max Mhz: 3100, Current Mhz: 3100, Mhz Limit: 3100
Processor Information for processor 8
  Max Mhz: 3100, Current Mhz: 2232, Mhz Limit: 2232
Processor Information for processor 9
  Max Mhz: 3100, Current Mhz: 2232, Mhz Limit: 2232
Processor Information for processor 10
  Max Mhz: 3100, Current Mhz: 2232, Mhz Limit: 2232
Processor Information for processor 11
  Max Mhz: 3100, Current Mhz: 2232, Mhz Limit: 2232
Processor Information for processor 12
  Max Mhz: 3100, Current Mhz: 2232, Mhz Limit: 2232
Processor Information for processor 13
  Max Mhz: 3100, Current Mhz: 2232, Mhz Limit: 2232
Processor Information for processor 14
  Max Mhz: 3100, Current Mhz: 2232, Mhz Limit: 2232
Processor Information for processor 15
  Max Mhz: 3100, Current Mhz: 2232, Mhz Limit: 2232

Memory: 4k page, system-wide physical 16085M (1263M free)
TotalPageFile size 36085M (AvailPageFile size 90M)
current process WorkingSet (physical memory assigned to process): 13M, peak: 13M
current process commit charge ("private bytes"): 71M, peak: 323M

vm_info: Java HotSpot(TM) 64-Bit Server VM (22.0.2+9-70) for windows-amd64 JRE (22.0.2+9-70), built on 2024-06-04T16:52:23Z by "mach5one" with MS VC++ 17.6 (VS2022)

END.
